<?xml version="1.0" encoding="UTF-8"?><testsuite errors="0" failures="1" name="Como verificar el funcionamiento de la pantalla de simulación de Cannon Financiero del" skipped="0" tests="1" time="34.39" timestamp="2021-06-28 04:58:28"><testcase name="verificar el funcionamiento de la pantalla simulacion de Cannon Financiero"><failure message="The following error occurred: Expected enabled element was not enabled" type="net.thucydides.core.webdriver.exceptions.ElementShouldBeEnabledException">The following error occurred: Expected enabled element was not enabled</failure><system-err>The following error occurred: Expected enabled element was not enabled&#13;
co.com.choucair.formacion.reto3.tasks.Simulacion.performAs(Simulacion.java:18)&#13;
co.com.choucair.formacion.reto3.stepdefinitions.simuladorStepDefinitions.queLauraQuiereIngresarAlSimuladorDeCannonFinanciero(simuladorStepDefinitions.java:21)&#13;
cucumber.runner.Runner.runPickle(Runner.java:80)&#13;
</system-err></testcase></testsuite>